2018-06-03 13:54:44,385 DEBUG [main] (CglibAopProxy.java:768) - Method is declared on Advised interface: public abstract java.lang.Class org.springframework.aop.TargetClassAware.getTargetClass()
2018-06-03 13:54:44,402 DEBUG [main] (AbstractAutowireCapableBeanFactory.java:458) - Finished creating instance of bean 'naughtyWaiter'
2018-06-03 13:54:44,403 DEBUG [main] (AbstractBeanFactory.java:243) - Returning cached instance of singleton bean 'com.baobaotao.aspectj.fun.TestAspect#0'
2018-06-03 13:54:44,404 DEBUG [main] (DefaultSingletonBeanRegistry.java:215) - Creating shared instance of singleton bean 'seller'
2018-06-03 13:54:44,404 DEBUG [main] (AbstractAutowireCapableBeanFactory.java:430) - Creating instance of bean 'seller'
2018-06-03 13:54:44,405 DEBUG [main] (AbstractAutowireCapableBeanFactory.java:504) - Eagerly caching bean 'seller' to allow for resolving potential circular references
2018-06-03 13:54:44,408 DEBUG [main] (AbstractAutowireCapableBeanFactory.java:458) - Finished creating instance of bean 'seller'
2018-06-03 13:54:44,408 DEBUG [main] (DefaultSingletonBeanRegistry.java:215) - Creating shared instance of singleton bean 'waiterManager'
2018-06-03 13:54:44,409 DEBUG [main] (AbstractAutowireCapableBeanFactory.java:430) - Creating instance of bean 'waiterManager'
2018-06-03 13:54:44,409 DEBUG [main] (AbstractAutowireCapableBeanFactory.java:504) - Eagerly caching bean 'waiterManager' to allow for resolving potential circular references
2018-06-03 13:54:44,413 DEBUG [main] (AbstractAutowireCapableBeanFactory.java:458) - Finished creating instance of bean 'waiterManager'
2018-06-03 13:54:44,413 DEBUG [main] (DefaultSingletonBeanRegistry.java:215) - Creating shared instance of singleton bean 'com.baobaotao.aspectj.fun.EnableSellerAspect#0'
2018-06-03 13:54:44,413 DEBUG [main] (AbstractAutowireCapableBeanFactory.java:430) - Creating instance of bean 'com.baobaotao.aspectj.fun.EnableSellerAspect#0'
2018-06-03 13:54:44,414 DEBUG [main] (AbstractAutowireCapableBeanFactory.java:504) - Eagerly caching bean 'com.baobaotao.aspectj.fun.EnableSellerAspect#0' to allow for resolving potential circular references
2018-06-03 13:54:44,415 DEBUG [main] (AbstractAutowireCapableBeanFactory.java:458) - Finished creating instance of bean 'com.baobaotao.aspectj.fun.EnableSellerAspect#0'
2018-06-03 13:54:44,417 DEBUG [main] (AbstractApplicationContext.java:867) - Unable to locate LifecycleProcessor with name 'lifecycleProcessor': using default [org.springframework.context.support.DefaultLifecycleProcessor@35e2d654]
2018-06-03 13:54:44,417 DEBUG [main] (AbstractBeanFactory.java:243) - Returning cached instance of singleton bean 'lifecycleProcessor'
2018-06-03 13:54:44,421 DEBUG [main] (PropertySourcesPropertyResolver.java:81) - Searching for key 'spring.liveBeansView.mbeanDomain' in [systemProperties]
2018-06-03 13:54:44,422 DEBUG [main] (PropertySourcesPropertyResolver.java:81) - Searching for key 'spring.liveBeansView.mbeanDomain' in [systemEnvironment]
2018-06-03 13:54:44,424 DEBUG [main] (PropertySourcesPropertyResolver.java:103) - Could not find key 'spring.liveBeansView.mbeanDomain' in any property source. Returning [null]
2018-06-03 13:54:44,424 DEBUG [main] (AbstractBeanFactory.java:243) - Returning cached instance of singleton bean 'naiveWaiter'
2018-06-03 13:54:44,425 DEBUG [main] (AbstractBeanFactory.java:243) - Returning cached instance of singleton bean 'naughtyWaiter'
2018-06-03 13:54:44,481 DEBUG [main] (AbstractBeanFactory.java:243) - Returning cached instance of singleton bean 'com.baobaotao.aspectj.fun.TestAspect#0'
2018-06-03 14:11:10,526 DEBUG [main] (MutablePropertySources.java:108) - Adding [systemProperties] PropertySource with lowest search precedence
2018-06-03 14:11:10,536 DEBUG [main] (MutablePropertySources.java:108) - Adding [systemEnvironment] PropertySource with lowest search precedence
2018-06-03 14:11:10,540 DEBUG [main] (AbstractEnvironment.java:127) - Initialized StandardEnvironment with PropertySources [systemProperties,systemEnvironment]
2018-06-03 14:11:10,550  INFO [main] (AbstractApplicationContext.java:518) - Refreshing org.springframework.context.support.ClassPathXmlApplicationContext@45fe3ee3: startup date [Sun Jun 03 14:11:10 CST 2018]; root of context hierarchy
2018-06-03 14:11:10,621 DEBUG [main] (MutablePropertySources.java:108) - Adding [systemProperties] PropertySource with lowest search precedence
2018-06-03 14:11:10,622 DEBUG [main] (MutablePropertySources.java:108) - Adding [systemEnvironment] PropertySource with lowest search precedence
2018-06-03 14:11:10,622 DEBUG [main] (AbstractEnvironment.java:127) - Initialized StandardEnvironment with PropertySources [systemProperties,systemEnvironment]
2018-06-03 14:11:10,640  INFO [main] (XmlBeanDefinitionReader.java:316) - Loading XML bean definitions from class path resource [com/baobaotao/aspectj/advanced/beans.xml]
2018-06-03 14:11:10,659 DEBUG [main] (DefaultDocumentLoader.java:72) - Using JAXP provider [com.sun.org.apache.xerces.internal.jaxp.DocumentBuilderFactoryImpl]
2018-06-03 14:11:10,702 DEBUG [main] (PluggableSchemaResolver.java:140) - Loading schema mappings from [META-INF/spring.schemas]
2018-06-03 14:11:10,716 DEBUG [main] (PluggableSchemaResolver.java:146) - Loaded schema mappings: {http://www.springframework.org/schema/util/spring-util.xsd=org/springframework/beans/factory/xml/spring-util-3.2.xsd, http://www.springframework.org/schema/jee/spring-jee-3.2.xsd=org/springframework/ejb/config/spring-jee-3.2.xsd, http://www.springframework.org/schema/mvc/spring-mvc-3.1.xsd=org/springframework/web/servlet/config/spring-mvc-3.1.xsd, http://www.springframework.org/schema/beans/spring-beans-3.1.xsd=org/springframework/beans/factory/xml/spring-beans-3.1.xsd, http://www.springframework.org/schema/task/spring-task.xsd=org/springframework/scheduling/config/spring-task-3.2.xsd, http://www.springframework.org/schema/cache/spring-cache.xsd=org/springframework/cache/config/spring-cache-3.2.xsd, http://www.springframework.org/schema/aop/spring-aop-3.0.xsd=org/springframework/aop/config/spring-aop-3.0.xsd, http://www.springframework.org/schema/aop/spring-aop-2.0.xsd=org/springframework/aop/config/spring-aop-2.0.xsd, http://www.springframework.org/schema/task/spring-task-3.1.xsd=org/springframework/scheduling/config/spring-task-3.1.xsd, http://www.springframework.org/schema/tool/spring-tool-2.5.xsd=org/springframework/beans/factory/xml/spring-tool-2.5.xsd, http://www.springframework.org/schema/beans/spring-beans.xsd=org/springframework/beans/factory/xml/spring-beans-3.2.xsd, http://www.springframework.org/schema/jee/spring-jee-2.5.xsd=org/springframework/ejb/config/spring-jee-2.5.xsd, http://www.springframework.org/schema/jdbc/spring-jdbc-3.1.xsd=org/springframework/jdbc/config/spring-jdbc-3.1.xsd, http://www.springframework.org/schema/tool/spring-tool-3.1.xsd=org/springframework/beans/factory/xml/spring-tool-3.1.xsd, http://www.springframework.org/schema/aop/spring-aop.xsd=org/springframework/aop/config/spring-aop-3.2.xsd, http://www.springframework.org/schema/jee/spring-jee-3.1.xsd=org/springframework/ejb/config/spring-jee-3.1.xsd, http://www.springframework.org/schema/tx/spring-tx-3.2.xsd=org/springframework/transaction/config/spring-tx-3.2.xsd, http://www.springframework.org/schema/context/spring-context-3.2.xsd=org/springframework/context/config/spring-context-3.2.xsd, http://www.springframework.org/schema/util/spring-util-3.2.xsd=org/springframework/beans/factory/xml/spring-util-3.2.xsd, http://www.springframework.org/schema/beans/spring-beans-2.0.xsd=org/springframework/beans/factory/xml/spring-beans-2.0.xsd, http://www.springframework.org/schema/mvc/spring-mvc-3.0.xsd=org/springframework/web/servlet/config/spring-mvc-3.0.xsd, http://www.springframework.org/schema/lang/spring-lang-3.2.xsd=org/springframework/scripting/config/spring-lang-3.2.xsd, http://www.springframework.org/schema/beans/spring-beans-3.0.xsd=org/springframework/beans/factory/xml/spring-beans-3.0.xsd, http://www.springframework.org/schema/cache/spring-cache-3.2.xsd=org/springframework/cache/config/spring-cache-3.2.xsd, http://www.springframework.org/schema/task/spring-task-3.0.xsd=org/springframework/scheduling/config/spring-task-3.0.xsd, http://www.springframework.org/schema/tx/spring-tx-2.5.xsd=org/springframework/transaction/config/spring-tx-2.5.xsd, http://www.springframework.org/schema/context/spring-context-2.5.xsd=org/springframework/context/config/spring-context-2.5.xsd, http://www.springframework.org/schema/jdbc/spring-jdbc-3.0.xsd=org/springframework/jdbc/config/spring-jdbc-3.0.xsd, http://www.springframework.org/schema/tool/spring-tool-3.0.xsd=org/springframework/beans/factory/xml/spring-tool-3.0.xsd, http://www.springframework.org/schema/tx/spring-tx.xsd=org/springframework/transaction/config/spring-tx-3.2.xsd, http://www.springframework.org/schema/util/spring-util-2.5.xsd=org/springframework/beans/factory/xml/spring-util-2.5.xsd, http://www.springframework.org/schema/tool/spring-tool-2.0.xsd=org/springframework/beans/factory/xml/spring-tool-2.0.xsd, http://www.springframework.org/schema/lang/spring-lang.xsd=org/springframework/scripting/config/spring-lang-3.2.xsd, http://www.springframework.org/schema/lang/spring-lang-2.5.xsd=org/springframework/scripting/config/spring-lang-2.5.xsd, http://www.springframework.org/schema/aop/spring-aop-3.2.xsd=org/springframework/aop/config/spring-aop-3.2.xsd, http://www.springframework.org/schema/jee/spring-jee-3.0.xsd=org/springframework/ejb/config/spring-jee-3.0.xsd, http://www.springframework.org/schema/tx/spring-tx-3.1.xsd=org/springframework/transaction/config/spring-tx-3.1.xsd, http://www.springframework.org/schema/jee/spring-jee-2.0.xsd=org/springframework/ejb/config/spring-jee-2.0.xsd, http://www.springframework.org/schema/context/spring-context-3.1.xsd=org/springframework/context/config/spring-context-3.1.xsd, http://www.springframework.org/schema/util/spring-util-3.1.xsd=org/springframework/beans/factory/xml/spring-util-3.1.xsd, http://www.springframework.org/schema/lang/spring-lang-3.1.xsd=org/springframework/scripting/config/spring-lang-3.1.xsd, http://www.springframework.org/schema/cache/spring-cache-3.1.xsd=org/springframework/cache/config/spring-cache-3.1.xsd, http://www.springframework.org/schema/context/spring-context.xsd=org/springframework/context/config/spring-context-3.2.xsd, http://www.springframework.org/schema/jee/spring-jee.xsd=org/springframework/ejb/config/spring-jee-3.2.xsd, http://www.springframework.org/schema/aop/spring-aop-2.5.xsd=org/springframework/aop/config/spring-aop-2.5.xsd, http://www.springframework.org/schema/mvc/spring-mvc.xsd=org/springframework/web/servlet/config/spring-mvc-3.2.xsd, http://www.springframework.org/schema/mvc/spring-mvc-3.2.xsd=org/springframework/web/servlet/config/spring-mvc-3.2.xsd, http://www.springframework.org/schema/jdbc/spring-jdbc.xsd=org/springframework/jdbc/config/spring-jdbc-3.2.xsd, http://www.springframework.org/schema/beans/spring-beans-3.2.xsd=org/springframework/beans/factory/xml/spring-beans-3.2.xsd, http://www.springframework.org/schema/tx/spring-tx-2.0.xsd=org/springframework/transaction/config/spring-tx-2.0.xsd, http://www.springframework.org/schema/aop/spring-aop-3.1.xsd=org/springframework/aop/config/spring-aop-3.1.xsd, http://www.springframework.org/schema/task/spring-task-3.2.xsd=org/springframework/scheduling/config/spring-task-3.2.xsd, http://www.springframework.org/schema/tx/spring-tx-3.0.xsd=org/springframework/transaction/config/spring-tx-3.0.xsd, http://www.springframework.org/schema/context/spring-context-3.0.xsd=org/springframework/context/config/spring-context-3.0.xsd, http://www.springframework.org/schema/tool/spring-tool.xsd=org/springframework/beans/factory/xml/spring-tool-3.2.xsd, http://www.springframework.org/schema/util/spring-util-3.0.xsd=org/springframework/beans/factory/xml/spring-util-3.0.xsd, http://www.springframework.org/schema/util/spring-util-2.0.xsd=org/springframework/beans/factory/xml/spring-util-2.0.xsd, http://www.springframework.org/schema/lang/spring-lang-3.0.xsd=org/springframework/scripting/config/spring-lang-3.0.xsd, http://www.springframework.org/schema/lang/spring-lang-2.0.xsd=org/springframework/scripting/config/spring-lang-2.0.xsd, http://www.springframework.org/schema/jdbc/spring-jdbc-3.2.xsd=org/springframework/jdbc/config/spring-jdbc-3.2.xsd, http://www.springframework.org/schema/tool/spring-tool-3.2.xsd=org/springframework/beans/factory/xml/spring-tool-3.2.xsd, http://www.springframework.org/schema/beans/spring-beans-2.5.xsd=org/springframework/beans/factory/xml/spring-beans-2.5.xsd}
2018-06-03 14:11:10,719 DEBUG [main] (PluggableSchemaResolver.java:118) - Found XML schema [http://www.springframework.org/schema/beans/spring-beans-3.0.xsd] in classpath: org/springframework/beans/factory/xml/spring-beans-3.0.xsd
2018-06-03 14:11:10,791 DEBUG [main] (PluggableSchemaResolver.java:118) - Found XML schema [http://www.springframework.org/schema/aop/spring-aop-3.0.xsd] in classpath: org/springframework/aop/config/spring-aop-3.0.xsd
2018-06-03 14:11:10,800 DEBUG [main] (PluggableSchemaResolver.java:118) - Found XML schema [http://www.springframework.org/schema/tool/spring-tool-3.0.xsd] in classpath: org/springframework/beans/factory/xml/spring-tool-3.0.xsd
2018-06-03 14:11:10,826 DEBUG [main] (DefaultBeanDefinitionDocumentReader.java:99) - Loading bean definitions
2018-06-03 14:11:10,849 DEBUG [main] (DefaultNamespaceHandlerResolver.java:156) - Loaded NamespaceHandler mappings: {http://www.springframework.org/schema/p=org.springframework.beans.factory.xml.SimplePropertyNamespaceHandler, http://www.springframework.org/schema/mvc=org.springframework.web.servlet.config.MvcNamespaceHandler, http://www.springframework.org/schema/util=org.springframework.beans.factory.xml.UtilNamespaceHandler, http://www.springframework.org/schema/jee=org.springframework.ejb.config.JeeNamespaceHandler, http://www.springframework.org/schema/aop=org.springframework.aop.config.AopNamespaceHandler, http://www.springframework.org/schema/jdbc=org.springframework.jdbc.config.JdbcNamespaceHandler, http://www.springframework.org/schema/cache=org.springframework.cache.config.CacheNamespaceHandler, http://www.springframework.org/schema/c=org.springframework.beans.factory.xml.SimpleConstructorNamespaceHandler, http://www.springframework.org/schema/tx=org.springframework.transaction.config.TxNamespaceHandler, http://www.springframework.org/schema/task=org.springframework.scheduling.config.TaskNamespaceHandler, http://www.springframework.org/schema/lang=org.springframework.scripting.config.LangNamespaceHandler, http://www.springframework.org/schema/context=org.springframework.context.config.ContextNamespaceHandler}
2018-06-03 14:11:10,893 DEBUG [main] (AbstractBeanDefinitionReader.java:216) - Loaded 5 bean definitions from location pattern [com/baobaotao/aspectj/advanced/beans.xml]
2018-06-03 14:11:10,894 DEBUG [main] (AbstractApplicationContext.java:548) - Bean factory for org.springframework.context.support.ClassPathXmlApplicationContext@45fe3ee3: org.springframework.beans.factory.support.DefaultListableBeanFactory@396a51ab: defining beans [org.springframework.aop.config.internalAutoProxyCreator,naiveWaiter,naughtyWaiter,seller,test]; root of factory hierarchy
2018-06-03 14:11:10,920 DEBUG [main] (DefaultSingletonBeanRegistry.java:215) - Creating shared instance of singleton bean 'org.springframework.aop.config.internalAutoProxyCreator'
2018-06-03 14:11:10,920 DEBUG [main] (AbstractAutowireCapableBeanFactory.java:430) - Creating instance of bean 'org.springframework.aop.config.internalAutoProxyCreator'
2018-06-03 14:11:10,978 DEBUG [main] (AbstractAutowireCapableBeanFactory.java:504) - Eagerly caching bean 'org.springframework.aop.config.internalAutoProxyCreator' to allow for resolving potential circular references
2018-06-03 14:11:11,011 DEBUG [main] (AbstractAutowireCapableBeanFactory.java:458) - Finished creating instance of bean 'org.springframework.aop.config.internalAutoProxyCreator'
2018-06-03 14:11:11,013 DEBUG [main] (AbstractApplicationContext.java:816) - Unable to locate MessageSource with name 'messageSource': using default [org.springframework.context.support.DelegatingMessageSource@e320068]
2018-06-03 14:11:11,016 DEBUG [main] (AbstractApplicationContext.java:840) - Unable to locate ApplicationEventMulticaster with name 'applicationEventMulticaster': using default [org.springframework.context.event.SimpleApplicationEventMulticaster@458c1321]
2018-06-03 14:11:11,018  INFO [main] (DefaultListableBeanFactory.java:605) - Pre-instantiating singletons in org.springframework.beans.factory.support.DefaultListableBeanFactory@396a51ab: defining beans [org.springframework.aop.config.internalAutoProxyCreator,naiveWaiter,naughtyWaiter,seller,test]; root of factory hierarchy
2018-06-03 14:11:11,018 DEBUG [main] (AbstractBeanFactory.java:243) - Returning cached instance of singleton bean 'org.springframework.aop.config.internalAutoProxyCreator'
2018-06-03 14:11:11,019 DEBUG [main] (DefaultSingletonBeanRegistry.java:215) - Creating shared instance of singleton bean 'naiveWaiter'
2018-06-03 14:11:11,019 DEBUG [main] (AbstractAutowireCapableBeanFactory.java:430) - Creating instance of bean 'naiveWaiter'
2018-06-03 14:11:11,068 DEBUG [main] (ReflectiveAspectJAdvisorFactory.java:215) - Found AspectJ method: public void com.baobaotao.aspectj.advanced.TestAspect.joinPointAccess(org.aspectj.lang.ProceedingJoinPoint) throws java.lang.Throwable
2018-06-03 14:11:11,075 DEBUG [main] (AbstractAutowireCapableBeanFactory.java:504) - Eagerly caching bean 'naiveWaiter' to allow for resolving potential circular references
2018-06-03 14:11:11,269 DEBUG [main] (AbstractAutoProxyCreator.java:540) - Creating implicit proxy for bean 'naiveWaiter' with 0 common interceptors and 2 specific interceptors
2018-06-03 14:11:11,272 DEBUG [main] (JdkDynamicAopProxy.java:115) - Creating JDK dynamic proxy: target source is SingletonTargetSource for target object [com.baobaotao.NaiveWaiter@37e547da]
2018-06-03 14:11:11,283 DEBUG [main] (AbstractAutowireCapableBeanFactory.java:458) - Finished creating instance of bean 'naiveWaiter'
2018-06-03 14:11:11,283 DEBUG [main] (DefaultSingletonBeanRegistry.java:215) - Creating shared instance of singleton bean 'naughtyWaiter'
2018-06-03 14:11:11,283 DEBUG [main] (AbstractAutowireCapableBeanFactory.java:430) - Creating instance of bean 'naughtyWaiter'
2018-06-03 14:11:11,283 DEBUG [main] (AbstractAutowireCapableBeanFactory.java:504) - Eagerly caching bean 'naughtyWaiter' to allow for resolving potential circular references
2018-06-03 14:11:11,290 DEBUG [main] (AbstractAutowireCapableBeanFactory.java:458) - Finished creating instance of bean 'naughtyWaiter'
2018-06-03 14:11:11,291 DEBUG [main] (DefaultSingletonBeanRegistry.java:215) - Creating shared instance of singleton bean 'seller'
2018-06-03 14:11:11,291 DEBUG [main] (AbstractAutowireCapableBeanFactory.java:430) - Creating instance of bean 'seller'
2018-06-03 14:11:11,291 DEBUG [main] (AbstractAutowireCapableBeanFactory.java:504) - Eagerly caching bean 'seller' to allow for resolving potential circular references
2018-06-03 14:11:11,292 DEBUG [main] (AbstractAutowireCapableBeanFactory.java:458) - Finished creating instance of bean 'seller'
2018-06-03 14:11:11,293 DEBUG [main] (DefaultSingletonBeanRegistry.java:215) - Creating shared instance of singleton bean 'test'
2018-06-03 14:11:11,293 DEBUG [main] (AbstractAutowireCapableBeanFactory.java:430) - Creating instance of bean 'test'
2018-06-03 14:11:11,293 DEBUG [main] (AbstractAutowireCapableBeanFactory.java:504) - Eagerly caching bean 'test' to allow for resolving potential circular references
2018-06-03 14:11:11,294 DEBUG [main] (AbstractAutowireCapableBeanFactory.java:458) - Finished creating instance of bean 'test'
2018-06-03 14:11:11,296 DEBUG [main] (AbstractApplicationContext.java:867) - Unable to locate LifecycleProcessor with name 'lifecycleProcessor': using default [org.springframework.context.support.DefaultLifecycleProcessor@8909f18]
2018-06-03 14:11:11,296 DEBUG [main] (AbstractBeanFactory.java:243) - Returning cached instance of singleton bean 'lifecycleProcessor'
2018-06-03 14:11:11,299 DEBUG [main] (PropertySourcesPropertyResolver.java:81) - Searching for key 'spring.liveBeansView.mbeanDomain' in [systemProperties]
2018-06-03 14:11:11,299 DEBUG [main] (PropertySourcesPropertyResolver.java:81) - Searching for key 'spring.liveBeansView.mbeanDomain' in [systemEnvironment]
2018-06-03 14:11:11,299 DEBUG [main] (PropertySourcesPropertyResolver.java:103) - Could not find key 'spring.liveBeansView.mbeanDomain' in any property source. Returning [null]
2018-06-03 14:11:11,300 DEBUG [main] (AbstractBeanFactory.java:243) - Returning cached instance of singleton bean 'naiveWaiter'
2018-06-03 14:11:11,300 DEBUG [main] (AbstractBeanFactory.java:243) - Returning cached instance of singleton bean 'naughtyWaiter'
2018-06-03 14:11:11,309 DEBUG [main] (AbstractBeanFactory.java:243) - Returning cached instance of singleton bean 'test'
